15:34:58.173 T:4984  NOTICE: special://profile/ is mapped to: special://masterprofile/
15:34:58.173 T:4984  NOTICE: -----------------------------------------------------------------------
15:34:58.173 T:4984  NOTICE: Starting Kodi (17.3 Git:20170524-147cec4). Platform: Windows NT x86 32-bit
15:34:58.173 T:4984  NOTICE: Using Release Kodi x32 build
15:34:58.173 T:4984  NOTICE: Kodi compiled May 24 2017 by MSVC 190024215 for Windows NT x86 32-bit version 10.0 (0x0A000000)
15:34:58.173 T:4984  NOTICE: Running on Windows 7 SP1, kernel: Windows NT x86 32-bit version 6.1
15:34:58.223 T:4984  NOTICE: FFmpeg version/source: ffmpeg-3.1-kodi
15:34:58.223 T:4984  NOTICE: Host CPU: Unknown, 2 cores available
15:34:58.224 T:4984  NOTICE: Desktop Resolution: 1152x864 32Bit at 60Hz
15:34:58.224 T:4984  NOTICE: Running with administrator rights
15:34:58.224 T:4984  NOTICE: Aero is enabled
15:34:58.224 T:4984  NOTICE: special://xbmc/ is mapped to: C:\Program Files\Kodi
15:34:58.224 T:4984  NOTICE: special://xbmcbin/ is mapped to: C:\Program Files\Kodi
15:34:58.224 T:4984  NOTICE: special://xbmcbinaddons/ is mapped to: C:\Program Files\Kodi/addons
15:34:58.224 T:4984  NOTICE: special://masterprofile/ is mapped to: C:\Users\JM\AppData\Roaming\Kodi\userdata
15:34:58.224 T:4984  NOTICE: special://home/ is mapped to: C:\Users\JM\AppData\Roaming\Kodi\
15:34:58.224 T:4984  NOTICE: special://temp/ is mapped to: C:\Users\JM\AppData\Roaming\Kodi\cache
15:34:58.224 T:4984  NOTICE: special://logpath/ is mapped to: C:\Users\JM\AppData\Roaming\Kodi\
15:34:58.224 T:4984  NOTICE: The executable running is: C:\Program Files\Kodi\Kodi.exe
15:34:58.300 T:4984  NOTICE: Local hostname: PC
15:34:58.300 T:4984  NOTICE: Log File is located: C:\Users\JM\AppData\Roaming\Kodi\/kodi.log
15:34:58.319 T:4984  NOTICE: -----------------------------------------------------------------------
15:34:59.327 T:4984  NOTICE: load settings...
15:34:59.504 T:4984 WARNING: CSettingString: unknown options filler "timezonecountries" of "locale.timezonecountry"
15:34:59.504 T:4984 WARNING: CSettingString: unknown options filler "timezones" of "locale.timezone"
15:34:59.623 T:4984  NOTICE: No settings file to load (special://xbmc/system/advancedsettings.xml)
15:34:59.623 T:4984  NOTICE: No settings file to load (special://masterprofile/advancedsettings.xml)
15:34:59.623 T:4984  NOTICE: Default Video Player: VideoPlayer
15:34:59.623 T:4984  NOTICE: Default Audio Player: paplayer
15:34:59.623 T:4984  NOTICE: Disabled debug logging due to GUI setting. Level 0.
15:34:59.623 T:4984  NOTICE: Log level changed to "LOG_LEVEL_NORMAL"
15:34:59.644 T:4984  NOTICE: CMediaSourceSettings: loading media sources from special://masterprofile/sources.xml
15:34:59.668 T:4984  NOTICE: Loading player core factory settings from special://xbmc/system/playercorefactory.xml.
15:34:59.689 T:4984  NOTICE: Loaded playercorefactory configuration
15:34:59.690 T:4984  NOTICE: Loading player core factory settings from special://masterprofile/playercorefactory.xml.
15:34:59.690 T:4984  NOTICE: special://masterprofile/playercorefactory.xml does not exist. Skipping.
15:34:59.915 T:4984  NOTICE: Running database version Addons27
15:35:05.604 T:4984  NOTICE: ADDONS: Using repository repository.shani
15:35:05.604 T:4984  NOTICE: ADDONS: Using repository repository.xbmc.org
15:35:05.604 T:4984  NOTICE: ADDONS: Using repository repository.tva.common
15:35:05.604 T:4984  NOTICE: ADDONS: Using repository repository.k3l3vra
15:35:05.604 T:4984  NOTICE: ADDONS: Using repository repository.smash
15:35:05.604 T:4984  NOTICE: ADDONS: Using repository repository.colossus
15:35:05.604 T:4984  NOTICE: ADDONS: Using repository tvsupertuga.repository
15:35:05.604 T:4984  NOTICE: ADDONS: Using repository baseaddons.repository
15:35:05.604 T:4984  NOTICE: ADDONS: Using repository repository.colossus.common
15:35:06.180 T:4180  NOTICE: Found 2 Lists of Devices
15:35:06.180 T:4180  NOTICE: Enumerated DIRECTSOUND devices:
15:35:06.180 T:4180  NOTICE:     Device 1
15:35:06.195 T:4180  NOTICE:         m_deviceName      : {2F8D94FE-A39E-48DB-ADEB-D029B4E9CC33}
15:35:06.195 T:4180  NOTICE:         m_displayName     : Speakers - Altifalantes (Realtek AC'97 Audio for VIA (R) Audio Controller)
15:35:06.195 T:4180  NOTICE:         m_displayNameExtra: DIRECTSOUND: Altifalantes (Realtek AC'97 Audio for VIA (R) Audio Controller)
15:35:06.195 T:4180  NOTICE:         m_deviceType      : AE_DEVTYPE_PCM
15:35:06.195 T:4180  NOTICE:         m_channels        : FL,FR
15:35:06.195 T:4180  NOTICE:         m_sampleRates     : 48000
15:35:06.195 T:4180  NOTICE:         m_dataFormats     : AE_FMT_FLOAT
15:35:06.195 T:4180  NOTICE:         m_streamTypes     : No passthrough capabilities
15:35:06.195 T:4180  NOTICE:     Device 2
15:35:06.195 T:4180  NOTICE:         m_deviceName      : default
15:35:06.195 T:4180  NOTICE:         m_displayName     : default
15:35:06.195 T:4180  NOTICE:         m_displayNameExtra:
15:35:06.195 T:4180  NOTICE:         m_deviceType      : AE_DEVTYPE_PCM
15:35:06.195 T:4180  NOTICE:         m_channels        : FL,FR
15:35:06.195 T:4180  NOTICE:         m_sampleRates     : 48000
15:35:06.195 T:4180  NOTICE:         m_dataFormats     : AE_FMT_FLOAT
15:35:06.195 T:4180  NOTICE:         m_streamTypes     : No passthrough capabilities
15:35:06.196 T:4180  NOTICE:     Device 3
15:35:06.196 T:4180  NOTICE:         m_deviceName      : {BBA2D872-CDFB-4D19-8569-E17AF59F7CFA}
15:35:06.196 T:4180  NOTICE:         m_displayName     : SPDIF - Realtek Digital Output (Realtek AC'97 Audio for VIA (R) Audio Controller)
15:35:06.196 T:4180  NOTICE:         m_displayNameExtra: DIRECTSOUND: Realtek Digital Output (Realtek AC'97 Audio for VIA (R) Audio Controller)
15:35:06.196 T:4180  NOTICE:         m_deviceType      : AE_DEVTYPE_IEC958
15:35:06.196 T:4180  NOTICE:         m_channels        : FL,FR
15:35:06.196 T:4180  NOTICE:         m_sampleRates     : 48000
15:35:06.196 T:4180  NOTICE:         m_dataFormats     : AE_FMT_FLOAT,AE_FMT_RAW
15:35:06.196 T:4180  NOTICE:         m_streamTypes     : STREAM_TYPE_AC3,STREAM_TYPE_DTSHD_CORE,STREAM_TYPE_DTS_1024,STREAM_TYPE_DTS_2048,STREAM_TYPE_DTS_512
15:35:06.196 T:4180  NOTICE: Enumerated WASAPI devices:
15:35:06.196 T:4180  NOTICE:     Device 1
15:35:06.196 T:4180  NOTICE:         m_deviceName      : {2F8D94FE-A39E-48DB-ADEB-D029B4E9CC33}
15:35:06.196 T:4180  NOTICE:         m_displayName     : Speakers - Altifalantes (Realtek AC'97 Audio for VIA (R) Audio Controller)
15:35:06.196 T:4180  NOTICE:         m_displayNameExtra: WASAPI: Altifalantes (Realtek AC'97 Audio for VIA (R) Audio Controller)
15:35:06.196 T:4180  NOTICE:         m_deviceType      : AE_DEVTYPE_PCM
15:35:06.196 T:4180  NOTICE:         m_channels        : FL,FR
15:35:06.196 T:4180  NOTICE:         m_sampleRates     : 48000
15:35:06.196 T:4180  NOTICE:         m_dataFormats     : AE_FMT_S16NE,AE_FMT_S16LE,AE_FMT_S16BE
15:35:06.196 T:4180  NOTICE:         m_streamTypes     : No passthrough capabilities
15:35:06.196 T:4180  NOTICE:     Device 2
15:35:06.196 T:4180  NOTICE:         m_deviceName      : default
15:35:06.196 T:4180  NOTICE:         m_displayName     : default
15:35:06.196 T:4180  NOTICE:         m_displayNameExtra:
15:35:06.196 T:4180  NOTICE:         m_deviceType      : AE_DEVTYPE_PCM
15:35:06.196 T:4180  NOTICE:         m_channels        : FL,FR
15:35:06.196 T:4180  NOTICE:         m_sampleRates     : 48000
15:35:06.196 T:4180  NOTICE:         m_dataFormats     : AE_FMT_S16NE,AE_FMT_S16LE,AE_FMT_S16BE
15:35:06.196 T:4180  NOTICE:         m_streamTypes     : No passthrough capabilities
15:35:06.196 T:4180  NOTICE:     Device 3
15:35:06.196 T:4180  NOTICE:         m_deviceName      : {BBA2D872-CDFB-4D19-8569-E17AF59F7CFA}
15:35:06.196 T:4180  NOTICE:         m_displayName     : SPDIF - Realtek Digital Output (Realtek AC'97 Audio for VIA (R) Audio Controller)
15:35:06.196 T:4180  NOTICE:         m_displayNameExtra: WASAPI: Realtek Digital Output (Realtek AC'97 Audio for VIA (R) Audio Controller)
15:35:06.196 T:4180  NOTICE:         m_deviceType      : AE_DEVTYPE_IEC958
15:35:06.196 T:4180  NOTICE:         m_channels        : FL,FR
15:35:06.196 T:4180  NOTICE:         m_sampleRates     : 48000
15:35:06.196 T:4180  NOTICE:         m_dataFormats     : AE_FMT_S16NE,AE_FMT_S16LE,AE_FMT_S16BE,AE_FMT_RAW
15:35:06.196 T:4180  NOTICE:         m_streamTypes     : STREAM_TYPE_DTSHD_CORE,STREAM_TYPE_DTS_2048,STREAM_TYPE_DTS_1024,STREAM_TYPE_DTS_512,STREAM_TYPE_AC3
15:35:06.752 T:4984  NOTICE: Found screen: Monitor PnP Genérico on NVIDIA GeForce 7300 GT, adapter 0.
15:35:06.752 T:4984  NOTICE: Primary mode: 1152x864@ 60.00 - Full Screen
15:35:06.753 T:4984  NOTICE: Additional mode: 640x480@ 59.94 - Full Screen
15:35:06.753 T:4984  NOTICE: Additional mode: 640x480@ 85.00 - Full Screen
15:35:06.753 T:4984  NOTICE: Additional mode: 640x480@ 60.00 - Full Screen
15:35:06.753 T:4984  NOTICE: Additional mode: 640x480@ 75.00 - Full Screen
15:35:06.753 T:4984  NOTICE: Additional mode: 720x480@ 85.00 - Full Screen
15:35:06.754 T:4984  NOTICE: Previous line repeats 1 times.
15:35:06.754 T:4984  NOTICE: Additional mode: 720x576@ 85.00 - Full Screen
15:35:06.754 T:4984  NOTICE: Previous line repeats 1 times.
15:35:06.754 T:4984  NOTICE: Additional mode: 800x600@ 85.00 - Full Screen
15:35:06.754 T:4984  NOTICE: Additional mode: 1024x768@ 85.00 - Full Screen
15:35:06.754 T:4984  NOTICE: Additional mode: 1152x864@ 60.00 - Full Screen
15:35:06.755 T:4984  NOTICE: Previous line repeats 1 times.
15:35:06.755 T:4984  NOTICE: Additional mode: 1280x720@ 60.00 - Full Screen
15:35:06.755 T:4984  NOTICE: Previous line repeats 1 times.
15:35:06.755 T:4984  NOTICE: Additional mode: 1280x768@ 60.00 - Full Screen
15:35:06.755 T:4984  NOTICE: Previous line repeats 1 times.
15:35:06.755 T:4984  NOTICE: Additional mode: 1280x800@ 60.00 - Full Screen
15:35:06.756 T:4984  NOTICE: Previous line repeats 1 times.
15:35:06.756 T:4984  NOTICE: Additional mode: 1280x960@ 60.00 - Full Screen
15:35:06.756 T:4984  NOTICE: Previous line repeats 1 times.
15:35:06.756 T:4984  NOTICE: Additional mode: 1280x1024@ 60.00 - Full Screen
15:35:06.761 T:4984  NOTICE: Checking resolution 15
15:35:13.809 T:1948  NOTICE: Running database version Addons27
15:35:13.834 T:1948  NOTICE: Running database version ViewModes6
15:35:13.849 T:1948  NOTICE: Running database version Textures13
15:35:13.900 T:1948  NOTICE: Running database version MyMusic60
15:35:13.939 T:1948  NOTICE: Running database version MyVideos107
15:35:13.966 T:1948  NOTICE: Running database version TV29
15:35:13.992 T:1948  NOTICE: Running database version Epg11
15:35:15.469 T:4984 WARNING: JSONRPC: Could not parse type "Setting.Details.SettingList"
15:35:16.308 T:4984  NOTICE: initialize done
15:35:16.309 T:4984  NOTICE: Running the application...
15:35:16.464 T:4984  NOTICE: CWebServer[8080]: Started
15:35:16.465 T:4984  NOTICE: starting upnp client
15:35:16.636 T:4984  NOTICE: starting upnp renderer
15:35:16.721 T:4644  NOTICE: ES: Starting UDP Event server on port 9777
15:35:16.721 T:4644  NOTICE: UDP: Listening on port 9777 (ipv6 : true)
15:35:19.910 T:2116 WARNING: CPythonInvoker(12): Script invoked without an addon. Adding all addon modules installed to python path as fallback. This behaviour will be removed in future version.
15:35:20.245 T:1948   ERROR: CCurlFile::FillBuffer - Failed: Couldn't resolve host name(6)
15:35:20.245 T:1948   ERROR: CCurlFile::Open failed with code 0 for https://offshoregit.com/tvaresolvers/tva-common-repository/raw/master/addons.xml.md5
15:35:20.245 T:1948   ERROR: XFILE::CFileCache::Open - failed to open source <https://offshoregit.com/tvaresolvers/tva-common-repository/raw/master/addons.xml.md5>
15:35:20.245 T:1948   ERROR: CRepository: failed read 'https://offshoregit.com/tvaresolvers/tva-common-repository/raw/master/addons.xml.md5'
15:35:21.217 T:1948   ERROR: ADDON: extension '' is not currently supported for service addon
15:35:23.638 T:4556   ERROR: Previous line repeats 1 times.
15:35:23.638 T:4556  NOTICE: script.tv.show.next.aired: ### TV Show - Next Aired starting background proc (60.0.14)
15:35:25.800 T:5676  NOTICE: AddOnLog: PVR IPTV Simple Client: Loaded 93 channels.
15:35:27.277 T:1948   ERROR: CCurlFile::FillBuffer - Failed: Couldn't resolve host name(6)
15:35:27.277 T:1948   ERROR: CCurlFile::Open failed with code 0 for http://mediarepos.net/Repos/smashrepo/addons.xml.md5
15:35:27.277 T:1948   ERROR: XFILE::CFileCache::Open - failed to open source <http://mediarepos.net/Repos/smashrepo/addons.xml.md5>
15:35:27.277 T:1948   ERROR: CRepository: failed read 'http://mediarepos.net/Repos/smashrepo/addons.xml.md5'
15:35:28.373 T:4556  NOTICE: script.tv.show.next.aired: ### starting data update
15:35:33.443 T:5256  NOTICE: [plugin.video.youtube] Startup: detected Krypton (Kodi-17.3), setting DASH_SUPPORT_BUILTIN = False, DASH_SUPPORT_ADDON = True
15:35:36.821 T:5676  NOTICE: EPG::CEpgContainer::Start - EPG thread started
15:35:38.432 T:4728  NOTICE: AddOnLog: PVR IPTV Simple Client: EPG Loaded.
15:35:38.468 T:4728 WARNING: EPG - EPG::CEpg::UpdateFromScraper - channel not found, can't update
15:35:38.468 T:4728   ERROR: EPG - EPG::CEpg::Update - failed to update table 'AV 30'
15:35:38.468 T:4728 WARNING: EPG - EPG::CEpg::UpdateFromScraper - channel not found, can't update
15:35:38.468 T:4728   ERROR: EPG - EPG::CEpg::Update - failed to update table 'AV 10'
15:35:38.469 T:4728 WARNING: EPG - EPG::CEpg::UpdateFromScraper - channel not found, can't update
15:35:38.469 T:4728   ERROR: EPG - EPG::CEpg::Update - failed to update table 'AV 13'
15:35:38.469 T:4728 WARNING: EPG - EPG::CEpg::UpdateFromScraper - channel not found, can't update
15:35:38.469 T:4728   ERROR: EPG - EPG::CEpg::Update - failed to update table 'AV 27'
15:35:38.469 T:4728 WARNING: EPG - EPG::CEpg::UpdateFromScraper - channel not found, can't update
15:35:38.469 T:4728   ERROR: EPG - EPG::CEpg::Update - failed to update table 'AV 31'
15:35:38.469 T:4728 WARNING: EPG - EPG::CEpg::UpdateFromScraper - channel not found, can't update
15:35:38.469 T:4728   ERROR: EPG - EPG::CEpg::Update - failed to update table 'AV 29'
15:35:38.470 T:4728 WARNING: EPG - EPG::CEpg::UpdateFromScraper - channel not found, can't update
15:35:38.470 T:4728   ERROR: EPG - EPG::CEpg::Update - failed to update table 'AV 8'
15:35:38.470 T:4728 WARNING: EPG - EPG::CEpg::UpdateFromScraper - channel not found, can't update
15:35:38.470 T:4728   ERROR: EPG - EPG::CEpg::Update - failed to update table 'BT Sport 1 ACE'
15:35:38.471 T:4728 WARNING: EPG - EPG::CEpg::UpdateFromScraper - channel not found, can't update
15:35:38.471 T:4728   ERROR: EPG - EPG::CEpg::Update - failed to update table 'FN'
15:35:38.475 T:4728 WARNING: EPG - EPG::CEpg::UpdateFromScraper - channel not found, can't update
15:35:38.475 T:4728   ERROR: EPG - EPG::CEpg::Update - failed to update table 'CMTV'
15:35:38.475 T:4728 WARNING: EPG - EPG::CEpg::UpdateFromScraper - channel not found, can't update
15:35:38.475 T:4728   ERROR: EPG - EPG::CEpg::Update - failed to update table 'Sport TV 2 ACE'
15:35:38.476 T:4728 WARNING: EPG - EPG::CEpg::UpdateFromScraper - channel not found, can't update
15:35:38.476 T:4728   ERROR: EPG - EPG::CEpg::Update - failed to update table 'NBCSN'
15:35:38.476 T:4728 WARNING: EPG - EPG::CEpg::UpdateFromScraper - channel not found, can't update
15:35:38.476 T:4728   ERROR: EPG - EPG::CEpg::Update - failed to update table 'BT Sport 3'
15:35:38.476 T:4728 WARNING: EPG - EPG::CEpg::UpdateFromScraper - channel not found, can't update
15:35:38.476 T:4728   ERROR: EPG - EPG::CEpg::Update - failed to update table 'Fox Sports 1'
15:35:38.477 T:4728 WARNING: EPG - EPG::CEpg::UpdateFromScraper - channel not found, can't update
15:35:38.477 T:4728   ERROR: EPG - EPG::CEpg::Update - failed to update table 'TNT'
15:35:38.477 T:4728 WARNING: EPG - EPG::CEpg::UpdateFromScraper - channel not found, can't update
15:35:38.477 T:4728   ERROR: EPG - EPG::CEpg::Update - failed to update table 'BT Sport ESPN'
15:35:38.477 T:4728 WARNING: EPG - EPG::CEpg::UpdateFromScraper - channel not found, can't update
15:35:38.477 T:4728   ERROR: EPG - EPG::CEpg::Update - failed to update table 'Sky Sports Main Event'
15:35:38.478 T:4728 WARNING: EPG - EPG::CEpg::UpdateFromScraper - channel not found, can't update
15:35:38.478 T:4728   ERROR: EPG - EPG::CEpg::Update - failed to update table 'TVCine1'
15:35:38.478 T:4728 WARNING: EPG - EPG::CEpg::UpdateFromScraper - channel not found, can't update
15:35:38.478 T:4728   ERROR: EPG - EPG::CEpg::Update - failed to update table 'TVCine3'
15:35:38.478 T:4728 WARNING: EPG - EPG::CEpg::UpdateFromScraper - channel not found, can't update
15:35:38.478 T:4728   ERROR: EPG - EPG::CEpg::Update - failed to update table 'A Bola TV'
15:35:38.480 T:4728 WARNING: EPG - EPG::CEpg::UpdateFromScraper - channel not found, can't update
15:35:38.480 T:4728   ERROR: EPG - EPG::CEpg::Update - failed to update table 'Brazzers ACE'
15:35:38.480 T:4728 WARNING: EPG - EPG::CEpg::UpdateFromScraper - channel not found, can't update
15:35:38.480 T:4728   ERROR: EPG - EPG::CEpg::Update - failed to update table 'Russian ACE'
15:35:38.483 T:4728 WARNING: EPG - EPG::CEpg::UpdateFromScraper - channel not found, can't update
15:35:38.483 T:4728   ERROR: EPG - EPG::CEpg::Update - failed to update table 'FAPTV2 ACE'
15:35:38.483 T:4728 WARNING: EPG - EPG::CEpg::UpdateFromScraper - channel not found, can't update
15:35:38.483 T:4728   ERROR: EPG - EPG::CEpg::Update - failed to update table 'Fox Sports 2'
15:35:38.484 T:4728 WARNING: EPG - EPG::CEpg::UpdateFromScraper - channel not found, can't update
15:35:38.484 T:4728   ERROR: EPG - EPG::CEpg::Update - failed to update table 'BT Sport 2'
15:35:38.484 T:4728 WARNING: EPG - EPG::CEpg::UpdateFromScraper - channel not found, can't update
15:35:38.484 T:4728   ERROR: EPG - EPG::CEpg::Update - failed to update table 'Sky Sports Premier League'
15:35:38.484 T:4728 WARNING: EPG - EPG::CEpg::UpdateFromScraper - channel not found, can't update
15:35:38.484 T:4728   ERROR: EPG - EPG::CEpg::Update - failed to update table 'TVCine4'
15:35:38.485 T:4728 WARNING: EPG - EPG::CEpg::UpdateFromScraper - channel not found, can't update
15:35:38.486 T:4728   ERROR: EPG - EPG::CEpg::Update - failed to update table 'TVCine2'
15:35:38.486 T:4728 WARNING: EPG - EPG::CEpg::UpdateFromScraper - channel not found, can't update
15:35:38.486 T:4728   ERROR: EPG - EPG::CEpg::Update - failed to update table 'Sky Sports F1 ACE'
15:35:38.487 T:4728 WARNING: EPG - EPG::CEpg::UpdateFromScraper - channel not found, can't update
15:35:38.487 T:4728   ERROR: EPG - EPG::CEpg::Update - failed to update table 'BT Sport 1'
15:35:38.488 T:4728 WARNING: EPG - EPG::CEpg::UpdateFromScraper - channel not found, can't update
15:35:38.488 T:4728   ERROR: EPG - EPG::CEpg::Update - failed to update table 'Hustler ACE'
15:35:45.255 T:2088  NOTICE: script.grab.fanart: Grab Fanart Service Started
15:35:46.809 T:2120   ERROR: Failed to rename file/directory \\?\C:\Users\JM\AppData\Roaming\Kodi\addons\script.module.urlresolver to \\?\C:\Users\JM\AppData\Roaming\Kodi\addons\temp\02d27f38-7bf6-4c08-ae2d-d41737fa987b, Error: (null)
15:35:46.809 T:2120   ERROR: XFILE::CFile::Rename - Error renaming file C:\Users\JM\AppData\Roaming\Kodi\addons\script.module.urlresolver
15:35:46.809 T:2120   ERROR: Failed to move old addon files from 'C:\Users\JM\AppData\Roaming\Kodi\addons\script.module.urlresolver' to 'C:\Users\JM\AppData\Roaming\Kodi\addons\temp\02d27f38-7bf6-4c08-ae2d-d41737fa987b', retrying in 500ms
15:35:47.309 T:2120   ERROR: Failed to rename file/directory \\?\C:\Users\JM\AppData\Roaming\Kodi\addons\script.module.urlresolver to \\?\C:\Users\JM\AppData\Roaming\Kodi\addons\temp\02d27f38-7bf6-4c08-ae2d-d41737fa987b, Error: (null)
15:35:47.309 T:2120   ERROR: XFILE::CFile::Rename - Error renaming file C:\Users\JM\AppData\Roaming\Kodi\addons\script.module.urlresolver
15:35:47.309 T:2120   ERROR: Failed to move old addon files from 'C:\Users\JM\AppData\Roaming\Kodi\addons\script.module.urlresolver' to 'C:\Users\JM\AppData\Roaming\Kodi\addons\temp\02d27f38-7bf6-4c08-ae2d-d41737fa987b', retrying in 500ms
15:35:47.839 T:2120   ERROR: Failed to rename file/directory \\?\C:\Users\JM\AppData\Roaming\Kodi\addons\script.module.urlresolver to \\?\C:\Users\JM\AppData\Roaming\Kodi\addons\temp\02d27f38-7bf6-4c08-ae2d-d41737fa987b, Error: (null)
15:35:47.839 T:2120   ERROR: XFILE::CFile::Rename - Error renaming file C:\Users\JM\AppData\Roaming\Kodi\addons\script.module.urlresolver
15:35:47.839 T:2120   ERROR: Failed to move old addon files from 'C:\Users\JM\AppData\Roaming\Kodi\addons\script.module.urlresolver' to 'C:\Users\JM\AppData\Roaming\Kodi\addons\temp\02d27f38-7bf6-4c08-ae2d-d41737fa987b', retrying in 500ms
15:35:48.357 T:2120   ERROR: Failed to rename file/directory \\?\C:\Users\JM\AppData\Roaming\Kodi\addons\script.module.urlresolver to \\?\C:\Users\JM\AppData\Roaming\Kodi\addons\temp\02d27f38-7bf6-4c08-ae2d-d41737fa987b, Error: (null)
15:35:48.357 T:2120   ERROR: XFILE::CFile::Rename - Error renaming file C:\Users\JM\AppData\Roaming\Kodi\addons\script.module.urlresolver
15:35:48.357 T:2120   ERROR: Failed to move old addon files from 'C:\Users\JM\AppData\Roaming\Kodi\addons\script.module.urlresolver' to 'C:\Users\JM\AppData\Roaming\Kodi\addons\temp\02d27f38-7bf6-4c08-ae2d-d41737fa987b', retrying in 500ms
15:35:52.462 T:4968  NOTICE: URLResolver: Initializing URLResolver version: 4.0.07
15:35:58.505 T:2460  NOTICE: Previous line repeats 1 times.
15:35:58.505 T:2460  NOTICE: Stream All The Sources: Version: |2.0.203| Queries: |{'mode': 'prune_cache'}|
15:35:58.505 T:2460  NOTICE: Stream All The Sources: Args: |['plugin://plugin.video.salts/', '-1', '?mode=prune_cache']|
15:36:36.170 T:4540   ERROR: XFILE::CDirectory::GetDirectory - Error getting
15:39:09.590 T:4592   ERROR: Previous line repeats 9 times.
15:39:09.590 T:4592 WARNING: Attempt to use invalid handle -1
15:40:28.612 T:4556 WARNING: Previous line repeats 10 times.
15:40:28.612 T:4556  NOTICE: script.tv.show.next.aired: ### starting data update
15:40:30.176 T:4984   ERROR: CCurlFile::Stat - Failed: HTTP response code said error(22) for http://portal.geniptv.com:8080/live/bmbm/bmbm/2758.m3u8|User-Agent=Mozilla/5.0 (Windows NT 10.0; Win64; x64) AppleWebKit/537.36 (KHTML, like Gecko) Chrome/60.0.3112.90 Safari/537.36
15:40:30.253 T:4984  NOTICE: VideoPlayer: Opening: http://portal.geniptv.com:8080/live/bmbm/bmbm/2758.m3u8|User-Agent=Mozilla/5.0 (Windows NT 10.0; Win64; x64) AppleWebKit/537.36 (KHTML, like Gecko) Chrome/60.0.3112.90 Safari/537.36
15:40:30.256 T:4984 WARNING: CDVDMessageQueue(player)::Put MSGQ_NOT_INITIALIZED
15:40:32.216 T:4984   ERROR: CCurlFile::Stat - Failed: HTTP response code said error(22) for http://portal.geniptv.com:8080/live/bmbm/bmbm/2758.m3u8|User-Agent=Mozilla/5.0 (Windows NT 10.0; Win64; x64) AppleWebKit/537.36 (KHTML, like Gecko) Chrome/60.0.3112.90 Safari/537.36
15:40:32.274 T:4984   ERROR: DXVA::CProcessorHD::IsFormatSupported: Unsupported format 104 for 1.
15:40:32.274 T:4984   ERROR: DXVA::CProcessorHD::IsFormatSupported: Unsupported format 105 for 1.
15:40:32.275 T:4228  NOTICE: Creating InputStream
15:40:32.399 T:4228   ERROR: CCurlFile::FillBuffer - Failed: HTTP returned error 520
15:40:32.399 T:4228   ERROR: CCurlFile::Open failed with code 520 for http://portal.geniptv.com:8080/live/bmbm/bmbm/2758.m3u8|User-Agent=Mozilla/5.0 (Windows NT 10.0; Win64; x64) AppleWebKit/537.36 (KHTML, like Gecko) Chrome/60.0.3112.90 Safari/537.36
15:40:32.399 T:4228  NOTICE: Creating Demuxer
15:40:32.543 T:4228   ERROR: CVideoPlayer::OpenDemuxStream - Error creating demuxer
15:40:32.543 T:4228  NOTICE: CVideoPlayer::OnExit()
15:40:32.588 T:4984  NOTICE: CVideoPlayer::CloseFile()
15:40:32.588 T:4984  NOTICE: VideoPlayer: waiting for threads to exit
15:40:32.588 T:4984  NOTICE: VideoPlayer: finished waiting
15:40:32.588 T:4984  NOTICE: CVideoPlayer::CloseFile()
15:40:32.588 T:4984  NOTICE: VideoPlayer: waiting for threads to exit
15:40:32.588 T:4984  NOTICE: VideoPlayer: finished waiting
15:40:35.210 T:2248 WARNING: Attempt to use invalid handle -1
15:40:46.383 T:4728 WARNING: Previous line repeats 9 times.
15:40:46.383 T:4728  NOTICE: AddOnLog: PVR IPTV Simple Client: EPG Loaded.
15:41:48.533 T:4384 WARNING: Attempt to use invalid handle -1
15:45:47.302 T:4728 WARNING: Previous line repeats 4 times.
15:45:47.302 T:4728  NOTICE: AddOnLog: PVR IPTV Simple Client: EPG Loaded.
15:50:29.224 T:4556  NOTICE: script.tv.show.next.aired: ### starting data update
15:50:48.185 T:4728  NOTICE: AddOnLog: PVR IPTV Simple Client: EPG Loaded.
16:00:48.783 T:4984  NOTICE: Previous line repeats 1 times.
16:00:48.783 T:4984   ERROR: Control 500 in window 10025 has been asked to focus, but it can't
16:00:49.545 T:4728  NOTICE: AddOnLog: PVR IPTV Simple Client: EPG Loaded.
16:03:11.696 T:4608   ERROR: Unable to find plugin
16:03:11.696 T:4984   ERROR: XFILE::CDirectory::GetDirectory - Error getting plugin://
16:03:11.697 T:4984   ERROR: CGUIMediaWindow::GetDirectory(plugin://) failed
16:03:55.116 T:4984  NOTICE: VideoPlayer: Opening: rtmp://213.152.180.151:17247/sstream/04hVOF7oax.stream
16:03:55.117 T:4984 WARNING: CDVDMessageQueue(player)::Put MSGQ_NOT_INITIALIZED
16:03:55.117 T:4984   ERROR: DXVA::CProcessorHD::IsFormatSupported: Unsupported format 104 for 1.
16:03:55.117 T:4984   ERROR: DXVA::CProcessorHD::IsFormatSupported: Unsupported format 105 for 1.
16:03:55.118 T:4200  NOTICE: Creating InputStream
16:03:55.764 T:4200  NOTICE: Creating Demuxer
16:04:04.729 T:4200  NOTICE: Opening stream: 0 source: 256
16:04:04.729 T:4200  NOTICE: Creating video codec with codec id: 28
16:04:04.799 T:4200  NOTICE: CDVDVideoCodecFFmpeg::Open() Using codec: H.264 / AVC / MPEG-4 AVC / MPEG-4 part 10
16:04:04.799 T:4200  NOTICE: Creating video thread
16:04:04.800 T:5032  NOTICE: running thread: video_thread
16:04:04.800 T:4200  NOTICE: Opening stream: 1 source: 256
16:04:04.800 T:4200  NOTICE: Finding audio codec for: 86018
16:04:04.801 T:4200  NOTICE: Creating audio thread
16:04:04.802 T:5556  NOTICE: running thread: CVideoPlayerAudio::Process()
16:04:04.823 T:5032  NOTICE: CDVDVideoCodecFFmpeg::GetFormat - Creating DXVA(620x350)
16:04:04.850 T:5556  NOTICE: Creating audio stream (codec id: 86018, channels: 2, sample rate: 11025, no pass-through)
16:04:04.876 T:5032  NOTICE: DXVA::CDecoder::Close - closing decoder
16:04:04.876 T:5032  NOTICE: DXVA::Close - closing decoder context
16:04:04.883 T:5032  NOTICE: CDVDVideoCodecFFmpeg::Open() Using codec: H.264 / AVC / MPEG-4 AVC / MPEG-4 part 10
16:04:06.266 T:5032 WARNING: CRenderManager::WaitForBuffer - timeout waiting for buffer
16:04:07.333 T:5032 WARNING: Previous line repeats 2 times.
16:04:07.333 T:5032  NOTICE: CDVDVideoCodecFFmpeg::CDropControl: calculated diff time: 387727
16:04:07.844 T:5032 WARNING: CRenderManager::WaitForBuffer - timeout waiting for buffer
16:04:08.910 T:5032 WARNING: Previous line repeats 2 times.
16:04:08.910 T:5032  NOTICE: CDVDVideoCodecFFmpeg::CDropControl: lost diff
16:04:09.423 T:5032 WARNING: CRenderManager::WaitForBuffer - timeout waiting for buffer
16:04:10.484 T:5032 WARNING: Previous line repeats 1 times.
16:04:10.484 T:5032  NOTICE: CDVDVideoCodecFFmpeg::CDropControl: calculated diff time: 33363
16:04:14.443 T:4984  NOTICE: CVideoPlayer::CloseFile()
16:04:14.443 T:4984  NOTICE: VideoPlayer: waiting for threads to exit
16:04:14.444 T:4200  NOTICE: CVideoPlayer::OnExit()
16:04:14.444 T:4200  NOTICE: Closing stream player 1
16:04:14.444 T:4200  NOTICE: Waiting for audio thread to exit
16:04:14.527 T:5556  NOTICE: thread end: CVideoPlayerAudio::OnExit()
16:04:14.527 T:4200  NOTICE: Closing audio device
16:04:14.598 T:4200  NOTICE: Deleting audio codec
16:04:14.598 T:4200  NOTICE: Closing stream player 2
16:04:14.598 T:4200  NOTICE: waiting for video thread to exit
16:04:14.620 T:5032  NOTICE: thread end: video_thread
16:04:14.620 T:4200  NOTICE: deleting video codec
16:04:14.660 T:4984  NOTICE: VideoPlayer: finished waiting
16:04:14.670 T:4984   ERROR: Control 500 in window 10025 has been asked to focus, but it can't
16:04:15.042 T:4984  NOTICE: CVideoPlayer::CloseFile()
16:04:15.042 T:4984  NOTICE: VideoPlayer: waiting for threads to exit
16:04:15.042 T:4984  NOTICE: VideoPlayer: finished waiting
16:04:15.042 T:4984  NOTICE: CVideoPlayer::CloseFile()
16:04:15.042 T:4984  NOTICE: VideoPlayer: waiting for threads to exit
16:04:15.042 T:4984  NOTICE: VideoPlayer: finished waiting
16:04:18.998 T:4984  NOTICE: VideoPlayer: Opening: rtmp://213.152.180.151:17247/sstream/0By6zQqOjc.stream
16:04:18.998 T:4984 WARNING: CDVDMessageQueue(player)::Put MSGQ_NOT_INITIALIZED
16:04:18.998 T:4984   ERROR: DXVA::CProcessorHD::IsFormatSupported: Unsupported format 104 for 1.
16:04:18.998 T:4984   ERROR: DXVA::CProcessorHD::IsFormatSupported: Unsupported format 105 for 1.
16:04:19.000 T:5540  NOTICE: Creating InputStream
16:04:19.616 T:5540  NOTICE: Creating Demuxer
16:04:27.893 T:5540  NOTICE: Opening stream: 0 source: 256
16:04:27.893 T:5540  NOTICE: Creating video codec with codec id: 28
16:04:27.893 T:5540  NOTICE: CDVDVideoCodecFFmpeg::Open() Using codec: H.264 / AVC / MPEG-4 AVC / MPEG-4 part 10
16:04:27.894 T:5540  NOTICE: Creating video thread
16:04:27.894 T:5540  NOTICE: Opening stream: 1 source: 256
16:04:27.894 T:5540  NOTICE: Finding audio codec for: 86018
16:04:27.894 T:6088  NOTICE: running thread: video_thread
16:04:27.895 T:5540  NOTICE: Creating audio thread
16:04:27.895 T:6028  NOTICE: running thread: CVideoPlayerAudio::Process()
16:04:27.899 T:6088  NOTICE: CDVDVideoCodecFFmpeg::GetFormat - Creating DXVA(620x350)
16:04:27.906 T:6028  NOTICE: Creating audio stream (codec id: 86018, channels: 2, sample rate: 11025, no pass-through)
16:04:27.910 T:6088  NOTICE: DXVA::CDecoder::Close - closing decoder
16:04:27.910 T:6088  NOTICE: DXVA::Close - closing decoder context
16:04:27.914 T:6088  NOTICE: CDVDVideoCodecFFmpeg::Open() Using codec: H.264 / AVC / MPEG-4 AVC / MPEG-4 part 10
16:04:28.573 T:6088 WARNING: CRenderManager::WaitForBuffer - timeout waiting for buffer
16:04:28.942 T:6088  NOTICE: CDVDVideoCodecFFmpeg::CDropControl: calculated diff time: 91000
16:04:29.142 T:6088  NOTICE: CDVDVideoCodecFFmpeg::CDropControl: lost diff
16:04:29.537 T:6088  NOTICE: CDVDVideoCodecFFmpeg::CDropControl: calculated diff time: 33363
16:04:38.431 T:4984  NOTICE: CVideoPlayer::CloseFile()
16:04:38.431 T:4984  NOTICE: VideoPlayer: waiting for threads to exit
16:04:38.437 T:5540  NOTICE: CVideoPlayer::OnExit()
16:04:38.437 T:5540  NOTICE: Closing stream player 1
16:04:38.437 T:5540  NOTICE: Waiting for audio thread to exit
16:04:38.437 T:6028  NOTICE: thread end: CVideoPlayerAudio::OnExit()
16:04:38.437 T:5540  NOTICE: Closing audio device
16:04:38.508 T:5540  NOTICE: Deleting audio codec
16:04:38.509 T:5540  NOTICE: Closing stream player 2
16:04:38.509 T:5540  NOTICE: waiting for video thread to exit
16:04:38.518 T:6088  NOTICE: thread end: video_thread
16:04:38.518 T:5540  NOTICE: deleting video codec
16:04:38.522 T:4984  NOTICE: VideoPlayer: finished waiting
16:04:38.530 T:4984   ERROR: Control 500 in window 10025 has been asked to focus, but it can't
16:04:38.803 T:4984  NOTICE: CVideoPlayer::CloseFile()
16:04:38.803 T:4984  NOTICE: VideoPlayer: waiting for threads to exit
16:04:38.803 T:4984  NOTICE: VideoPlayer: finished waiting
16:04:38.803 T:4984  NOTICE: CVideoPlayer::CloseFile()
16:04:38.803 T:4984  NOTICE: VideoPlayer: waiting for threads to exit
16:04:38.803 T:4984  NOTICE: VideoPlayer: finished waiting
16:04:41.903 T:4984  NOTICE: VideoPlayer: Opening: rtmp://213.152.180.151:17247/sstream/6fUnIBKxvH.stream
16:04:41.903 T:4984 WARNING: CDVDMessageQueue(player)::Put MSGQ_NOT_INITIALIZED
16:04:41.904 T:4984   ERROR: DXVA::CProcessorHD::IsFormatSupported: Unsupported format 104 for 1.
16:04:41.904 T:4984   ERROR: DXVA::CProcessorHD::IsFormatSupported: Unsupported format 105 for 1.
16:04:41.906 T:4252  NOTICE: Creating InputStream
16:04:43.378 T:4252  NOTICE: Creating Demuxer
16:04:43.660 T:4252  NOTICE: Opening stream: 0 source: 256
16:04:43.660 T:4252  NOTICE: Creating video codec with codec id: 28
16:04:43.661 T:4252  NOTICE: CDVDVideoCodecFFmpeg::Open() Using codec: H.264 / AVC / MPEG-4 AVC / MPEG-4 part 10
16:04:43.661 T:4252   ERROR: CVideoPlayerVideo::OpenStream - Invalid framerate 125, using forced 25fps and just trust timestamps
16:04:43.661 T:4252  NOTICE: Creating video thread
16:04:43.661 T:4252  NOTICE: Opening stream: 1 source: 256
16:04:43.661 T:4252  NOTICE: Finding audio codec for: 86017
16:04:43.662 T:5956  NOTICE: running thread: video_thread
16:04:43.662 T:4252  NOTICE: Creating audio thread
16:04:43.662 T:2268  NOTICE: running thread: CVideoPlayerAudio::Process()
16:04:43.663 T:5956  NOTICE: CDVDVideoCodecFFmpeg::GetFormat - Creating DXVA(640x360)
16:04:43.673 T:2268  NOTICE: Creating audio stream (codec id: 86017, channels: 2, sample rate: 22050, no pass-through)
16:04:43.677 T:5956  NOTICE: DXVA::CDecoder::Close - closing decoder
16:04:43.677 T:5956  NOTICE: DXVA::Close - closing decoder context
16:04:43.682 T:5956  NOTICE: CDVDVideoCodecFFmpeg::Open() Using codec: H.264 / AVC / MPEG-4 AVC / MPEG-4 part 10
16:04:44.274 T:5956 WARNING: CRenderManager::WaitForBuffer - timeout waiting for buffer
16:04:45.369 T:5956 WARNING: Previous line repeats 2 times.
16:04:45.369 T:5956  NOTICE: CDVDVideoCodecFFmpeg::CDropControl: calculated diff time: 181363
16:04:45.902 T:5956  NOTICE: CDVDVideoCodecFFmpeg::CDropControl: lost diff
16:04:46.268 T:5956  NOTICE: CDVDVideoCodecFFmpeg::CDropControl: calculated diff time: 33363
16:04:47.743 T:4984  NOTICE: CVideoPlayer::CloseFile()
16:04:47.743 T:4984  NOTICE: VideoPlayer: waiting for threads to exit
16:04:47.873 T:4252  NOTICE: CVideoPlayer::OnExit()
16:04:47.873 T:4252  NOTICE: Closing stream player 1
16:04:47.873 T:4252  NOTICE: Waiting for audio thread to exit
16:04:47.883 T:2268  NOTICE: thread end: CVideoPlayerAudio::OnExit()
16:04:47.883 T:4252  NOTICE: Closing audio device
16:04:47.957 T:4252  NOTICE: Deleting audio codec
16:04:47.957 T:4252  NOTICE: Closing stream player 2
16:04:47.957 T:4252  NOTICE: waiting for video thread to exit
16:04:47.981 T:5956  NOTICE: thread end: video_thread
16:04:47.981 T:4252  NOTICE: deleting video codec
16:04:47.985 T:4984  NOTICE: VideoPlayer: finished waiting
16:04:47.993 T:4984   ERROR: Control 500 in window 10025 has been asked to focus, but it can't
16:04:48.004 T:4984  NOTICE: CVideoPlayer::CloseFile()
16:04:48.004 T:4984  NOTICE: VideoPlayer: waiting for threads to exit
16:04:48.004 T:4984  NOTICE: VideoPlayer: finished waiting
16:04:48.005 T:4984  NOTICE: CVideoPlayer::CloseFile()
16:04:48.005 T:4984  NOTICE: VideoPlayer: waiting for threads to exit
16:04:48.005 T:4984  NOTICE: VideoPlayer: finished waiting
16:04:50.966 T:4984  NOTICE: VideoPlayer: Opening: rtmp://213.152.180.151:17247/sstream/SYnWeoBryb.stream
16:04:50.966 T:4984 WARNING: CDVDMessageQueue(player)::Put MSGQ_NOT_INITIALIZED
16:04:50.966 T:4984   ERROR: DXVA::CProcessorHD::IsFormatSupported: Unsupported format 104 for 1.
16:04:50.966 T:4984   ERROR: DXVA::CProcessorHD::IsFormatSupported: Unsupported format 105 for 1.
16:04:50.990 T:6096  NOTICE: Creating InputStream
16:04:51.620 T:6096  NOTICE: Creating Demuxer
16:04:53.364 T:6096  NOTICE: Opening stream: 0 source: 256
16:04:53.364 T:6096  NOTICE: Creating video codec with codec id: 28
16:04:53.364 T:6096  NOTICE: CDVDVideoCodecFFmpeg::Open() Using codec: H.264 / AVC / MPEG-4 AVC / MPEG-4 part 10
16:04:53.365 T:6096  NOTICE: Creating video thread
16:04:53.365 T:6096  NOTICE: Opening stream: 1 source: 256
16:04:53.365 T:6096  NOTICE: Finding audio codec for: 86018
16:04:53.365 T:5136  NOTICE: running thread: video_thread
16:04:53.366 T:6096  NOTICE: Creating audio thread
16:04:53.366 T:1520  NOTICE: running thread: CVideoPlayerAudio::Process()
16:04:53.367 T:5136  NOTICE: CDVDVideoCodecFFmpeg::GetFormat - Creating DXVA(768x432)
16:04:53.375 T:5136  NOTICE: DXVA::CDecoder::Close - closing decoder
16:04:53.375 T:5136  NOTICE: DXVA::Close - closing decoder context
16:04:53.380 T:1520  NOTICE: Creating audio stream (codec id: 86018, channels: 2, sample rate: 48000, no pass-through)
16:04:53.385 T:5136  NOTICE: CDVDVideoCodecFFmpeg::Open() Using codec: H.264 / AVC / MPEG-4 AVC / MPEG-4 part 10
16:04:53.728 T:6096 WARNING: VideoPlayer::Sync - stream player video does not start, flushing buffers
16:04:54.300 T:5136  NOTICE: CDVDVideoCodecFFmpeg::CDropControl: calculated diff time: 33363
16:04:57.653 T:4984  NOTICE: CVideoPlayer::CloseFile()
16:04:57.653 T:4984  NOTICE: VideoPlayer: waiting for threads to exit
16:04:57.732 T:6096  NOTICE: CVideoPlayer::OnExit()
16:04:57.732 T:6096  NOTICE: Closing stream player 1
16:04:57.732 T:6096  NOTICE: Waiting for audio thread to exit
16:04:57.732 T:1520  NOTICE: thread end: CVideoPlayerAudio::OnExit()
16:04:57.732 T:6096  NOTICE: Closing audio device
16:04:57.748 T:6096  NOTICE: Deleting audio codec
16:04:57.748 T:6096  NOTICE: Closing stream player 2
16:04:57.748 T:6096  NOTICE: waiting for video thread to exit
16:04:57.789 T:5136  NOTICE: thread end: video_thread
16:04:57.789 T:6096  NOTICE: deleting video codec
16:04:57.794 T:4984  NOTICE: VideoPlayer: finished waiting
16:04:57.800 T:4984   ERROR: Control 500 in window 10025 has been asked to focus, but it can't
16:04:57.809 T:4984  NOTICE: CVideoPlayer::CloseFile()
16:04:57.809 T:4984  NOTICE: VideoPlayer: waiting for threads to exit
16:04:57.809 T:4984  NOTICE: VideoPlayer: finished waiting
16:04:57.809 T:4984  NOTICE: CVideoPlayer::CloseFile()
16:04:57.809 T:4984  NOTICE: VideoPlayer: waiting for threads to exit
16:04:57.809 T:4984  NOTICE: VideoPlayer: finished waiting
16:05:00.619 T:4984  NOTICE: VideoPlayer: Opening: rtmp://213.152.180.151:17247/sstream/vRxeLE9PLv.stream
16:05:00.619 T:4984 WARNING: CDVDMessageQueue(player)::Put MSGQ_NOT_INITIALIZED
16:05:00.619 T:4984   ERROR: DXVA::CProcessorHD::IsFormatSupported: Unsupported format 104 for 1.
16:05:00.619 T:4984   ERROR: DXVA::CProcessorHD::IsFormatSupported: Unsupported format 105 for 1.
16:05:00.620 T:5368  NOTICE: Creating InputStream
16:05:04.877 T:5368  NOTICE: Creating Demuxer
16:05:05.106 T:5368  NOTICE: Opening stream: 0 source: 256
16:05:05.106 T:5368  NOTICE: Creating video codec with codec id: 28
16:05:05.106 T:5368  NOTICE: CDVDVideoCodecFFmpeg::Open() Using codec: H.264 / AVC / MPEG-4 AVC / MPEG-4 part 10
16:05:05.106 T:5368   ERROR: CVideoPlayerVideo::OpenStream - Invalid framerate 125, using forced 25fps and just trust timestamps
16:05:05.106 T:5368  NOTICE: Creating video thread
16:05:05.107 T:5368  NOTICE: Opening stream: 1 source: 256
16:05:05.107 T:5368  NOTICE: Finding audio codec for: 86017
16:05:05.107 T:5876  NOTICE: running thread: video_thread
16:05:05.107 T:5368  NOTICE: Creating audio thread
16:05:05.114 T:4188  NOTICE: running thread: CVideoPlayerAudio::Process()
16:05:05.114 T:4188  NOTICE: Creating audio stream (codec id: 86017, channels: 2, sample rate: 22050, no pass-through)
16:05:05.115 T:5876  NOTICE: CDVDVideoCodecFFmpeg::GetFormat - Creating DXVA(480x288)
16:05:05.140 T:5876  NOTICE: DXVA::CDecoder::Close - closing decoder
16:05:05.140 T:5876  NOTICE: DXVA::Close - closing decoder context
16:05:05.143 T:5876  NOTICE: CDVDVideoCodecFFmpeg::Open() Using codec: H.264 / AVC / MPEG-4 AVC / MPEG-4 part 10
16:05:05.751 T:5876 WARNING: CRenderManager::WaitForBuffer - timeout waiting for buffer
16:05:06.850 T:5876 WARNING: Previous line repeats 2 times.
16:05:06.851 T:5876  NOTICE: CDVDVideoCodecFFmpeg::CDropControl: calculated diff time: 286636
16:05:07.380 T:5876 WARNING: CRenderManager::WaitForBuffer - timeout waiting for buffer
16:05:08.507 T:5876 WARNING: Previous line repeats 1 times.
16:05:08.507 T:5876  NOTICE: CDVDVideoCodecFFmpeg::CDropControl: lost diff
16:05:08.873 T:5876  NOTICE: CDVDVideoCodecFFmpeg::CDropControl: calculated diff time: 33454
16:05:09.835 T:4984  NOTICE: CVideoPlayer::CloseFile()
16:05:09.835 T:4984  NOTICE: VideoPlayer: waiting for threads to exit
16:05:09.835 T:5368  NOTICE: CVideoPlayer::OnExit()
16:05:09.835 T:5368  NOTICE: Closing stream player 1
16:05:09.835 T:5368  NOTICE: Waiting for audio thread to exit
16:05:09.835 T:4188  NOTICE: thread end: CVideoPlayerAudio::OnExit()
16:05:09.835 T:5368  NOTICE: Closing audio device
16:05:09.907 T:5368  NOTICE: Deleting audio codec
16:05:09.907 T:5368  NOTICE: Closing stream player 2
16:05:09.907 T:5368  NOTICE: waiting for video thread to exit
16:05:09.958 T:5876  NOTICE: thread end: video_thread
16:05:09.958 T:5368  NOTICE: deleting video codec
16:05:09.963 T:4984  NOTICE: VideoPlayer: finished waiting
16:05:09.970 T:4984   ERROR: Control 500 in window 10025 has been asked to focus, but it can't
16:05:09.984 T:4984  NOTICE: CVideoPlayer::CloseFile()
16:05:09.984 T:4984  NOTICE: VideoPlayer: waiting for threads to exit
16:05:09.984 T:4984  NOTICE: VideoPlayer: finished waiting
16:05:09.984 T:4984  NOTICE: CVideoPlayer::CloseFile()
16:05:09.984 T:4984  NOTICE: VideoPlayer: waiting for threads to exit
16:05:09.984 T:4984  NOTICE: VideoPlayer: finished waiting
16:05:13.274 T:4984  NOTICE: VideoPlayer: Opening: rtmp://213.152.180.151:17247/sstream/0f5bZcQBIw.stream
16:05:13.274 T:4984 WARNING: CDVDMessageQueue(player)::Put MSGQ_NOT_INITIALIZED
16:05:13.274 T:4984   ERROR: DXVA::CProcessorHD::IsFormatSupported: Unsupported format 104 for 1.
16:05:13.274 T:4984   ERROR: DXVA::CProcessorHD::IsFormatSupported: Unsupported format 105 for 1.
16:05:13.323 T:3192  NOTICE: Creating InputStream
16:05:13.927 T:3192  NOTICE: Creating Demuxer
16:05:22.266 T:3192  NOTICE: Opening stream: 0 source: 256
16:05:22.266 T:3192  NOTICE: Creating video codec with codec id: 28
16:05:22.266 T:3192  NOTICE: CDVDVideoCodecFFmpeg::Open() Using codec: H.264 / AVC / MPEG-4 AVC / MPEG-4 part 10
16:05:22.267 T:3192   ERROR: CVideoPlayerVideo::OpenStream - Invalid framerate 125, using forced 25fps and just trust timestamps
16:05:22.267 T:3192  NOTICE: Creating video thread
16:05:22.267 T:3192  NOTICE: Opening stream: 1 source: 256
16:05:22.267 T:3192  NOTICE: Finding audio codec for: 86017
16:05:22.267 T:3192  NOTICE: Creating audio thread
16:05:22.267 T:1156  NOTICE: running thread: video_thread
16:05:22.269 T:6048  NOTICE: running thread: CVideoPlayerAudio::Process()
16:05:22.271 T:1156  NOTICE: CDVDVideoCodecFFmpeg::GetFormat - Creating DXVA(480x288)
16:05:22.280 T:6048  NOTICE: Creating audio stream (codec id: 86017, channels: 2, sample rate: 22050, no pass-through)
16:05:22.283 T:1156  NOTICE: DXVA::CDecoder::Close - closing decoder
16:05:22.283 T:1156  NOTICE: DXVA::Close - closing decoder context
16:05:22.285 T:1156  NOTICE: CDVDVideoCodecFFmpeg::Open() Using codec: H.264 / AVC / MPEG-4 AVC / MPEG-4 part 10
16:05:22.814 T:1156  NOTICE: CDVDVideoCodecFFmpeg::CDropControl: calculated diff time: 49181
16:05:23.013 T:1156  NOTICE: CDVDVideoCodecFFmpeg::CDropControl: lost diff
16:05:23.362 T:1156  NOTICE: CDVDVideoCodecFFmpeg::CDropControl: calculated diff time: 33454
16:05:24.904 T:4984  NOTICE: CVideoPlayer::CloseFile()
16:05:24.905 T:4984  NOTICE: VideoPlayer: waiting for threads to exit
16:05:25.111 T:3192  NOTICE: CVideoPlayer::OnExit()
16:05:25.111 T:3192  NOTICE: Closing stream player 1
16:05:25.111 T:3192  NOTICE: Waiting for audio thread to exit
16:05:25.115 T:6048  NOTICE: thread end: CVideoPlayerAudio::OnExit()
16:05:25.115 T:3192  NOTICE: Closing audio device
16:05:25.187 T:3192  NOTICE: Deleting audio codec
16:05:25.187 T:3192  NOTICE: Closing stream player 2
16:05:25.187 T:3192  NOTICE: waiting for video thread to exit
16:05:25.194 T:1156  NOTICE: thread end: video_thread
16:05:25.194 T:3192  NOTICE: deleting video codec
16:05:25.197 T:4984  NOTICE: VideoPlayer: finished waiting
16:05:25.206 T:4984   ERROR: Control 500 in window 10025 has been asked to focus, but it can't
16:05:25.216 T:4984  NOTICE: CVideoPlayer::CloseFile()
16:05:25.217 T:4984  NOTICE: VideoPlayer: waiting for threads to exit
16:05:25.217 T:4984  NOTICE: VideoPlayer: finished waiting
16:05:25.217 T:4984  NOTICE: CVideoPlayer::CloseFile()
16:05:25.217 T:4984  NOTICE: VideoPlayer: waiting for threads to exit
16:05:25.217 T:4984  NOTICE: VideoPlayer: finished waiting
16:05:27.652 T:4984  NOTICE: VideoPlayer: Opening: rtmp://213.152.180.151:17247/sstream/06lt6eKOWl.stream
16:05:27.652 T:4984 WARNING: CDVDMessageQueue(player)::Put MSGQ_NOT_INITIALIZED
16:05:27.652 T:4984   ERROR: DXVA::CProcessorHD::IsFormatSupported: Unsupported format 104 for 1.
16:05:27.652 T:4984   ERROR: DXVA::CProcessorHD::IsFormatSupported: Unsupported format 105 for 1.
16:05:27.667 T:3276  NOTICE: Creating InputStream
16:05:30.305 T:4556  NOTICE: script.tv.show.next.aired: ### starting data update
16:05:31.041 T:3276  NOTICE: Creating Demuxer
16:05:31.266 T:3276  NOTICE: Opening stream: 0 source: 256
16:05:31.266 T:3276  NOTICE: Creating video codec with codec id: 28
16:05:31.266 T:3276  NOTICE: CDVDVideoCodecFFmpeg::Open() Using codec: H.264 / AVC / MPEG-4 AVC / MPEG-4 part 10
16:05:31.267 T:3276  NOTICE: Creating video thread
16:05:31.267 T:3276  NOTICE: Opening stream: 1 source: 256
16:05:31.267 T:3276  NOTICE: Finding audio codec for: 86017
16:05:31.267 T:3276  NOTICE: Creating audio thread
16:05:31.270 T:5584  NOTICE: running thread: video_thread
16:05:31.270 T:5584  NOTICE: CDVDVideoCodecFFmpeg::GetFormat - Creating DXVA(620x350)
16:05:31.271 T:4340  NOTICE: running thread: CVideoPlayerAudio::Process()
16:05:31.271 T:4340  NOTICE: Creating audio stream (codec id: 86017, channels: 1, sample rate: 22050, no pass-through)
16:05:31.279 T:5584  NOTICE: DXVA::CDecoder::Close - closing decoder
16:05:31.279 T:5584  NOTICE: DXVA::Close - closing decoder context
16:05:31.284 T:5584  NOTICE: CDVDVideoCodecFFmpeg::Open() Using codec: H.264 / AVC / MPEG-4 AVC / MPEG-4 part 10
16:05:31.860 T:5584 WARNING: CRenderManager::WaitForBuffer - timeout waiting for buffer
16:05:33.448 T:5584 WARNING: Previous line repeats 3 times.
16:05:33.448 T:5584  NOTICE: CDVDVideoCodecFFmpeg::CDropControl: calculated diff time: 40000
16:05:33.956 T:5584 WARNING: CRenderManager::WaitForBuffer - timeout waiting for buffer
16:05:35.630 T:4984 WARNING: Previous line repeats 3 times.
16:05:35.630 T:4984  NOTICE: CVideoPlayer::CloseFile()
16:05:35.630 T:4984  NOTICE: VideoPlayer: waiting for threads to exit
16:05:35.844 T:3276  NOTICE: CVideoPlayer::OnExit()
16:05:35.844 T:3276  NOTICE: Closing stream player 1
16:05:35.844 T:3276  NOTICE: Waiting for audio thread to exit
16:05:35.857 T:4340  NOTICE: thread end: CVideoPlayerAudio::OnExit()
16:05:35.857 T:3276  NOTICE: Closing audio device
16:05:35.929 T:3276  NOTICE: Deleting audio codec
16:05:35.929 T:3276  NOTICE: Closing stream player 2
16:05:35.929 T:3276  NOTICE: waiting for video thread to exit
16:05:35.966 T:5584  NOTICE: thread end: video_thread
16:05:35.966 T:3276  NOTICE: deleting video codec
16:05:35.970 T:4984  NOTICE: VideoPlayer: finished waiting
16:05:35.979 T:4984   ERROR: Control 500 in window 10025 has been asked to focus, but it can't
16:05:35.993 T:4984  NOTICE: CVideoPlayer::CloseFile()
16:05:35.993 T:4984  NOTICE: VideoPlayer: waiting for threads to exit
16:05:35.993 T:4984  NOTICE: VideoPlayer: finished waiting
16:05:35.993 T:4984  NOTICE: CVideoPlayer::CloseFile()
16:05:35.993 T:4984  NOTICE: VideoPlayer: waiting for threads to exit
16:05:35.993 T:4984  NOTICE: VideoPlayer: finished waiting
16:05:50.477 T:4728  NOTICE: AddOnLog: PVR IPTV Simple Client: EPG Loaded.
16:09:00.924 T:4984  NOTICE: AddOnLog: PVR IPTV Simple Client: Loaded 93 channels.
16:10:50.605 T:4728  NOTICE: AddOnLog: PVR IPTV Simple Client: EPG Loaded.
